{"C:\\Users\\tiago\\www\\testes\\learning-jest\\src\\components\\List.tsx": {"path":"C:\\Users\\tiago\\www\\testes\\learning-jest\\src\\components\\List.tsx","all":false,"statementMap":{"0":{"start":{"line":1,"column":0},"end":{"line":1,"column":32}},"1":{"start":{"line":2,"column":0},"end":{"line":2,"column":0}},"2":{"start":{"line":3,"column":0},"end":{"line":3,"column":18}},"3":{"start":{"line":4,"column":0},"end":{"line":4,"column":24}},"4":{"start":{"line":5,"column":0},"end":{"line":5,"column":1}},"5":{"start":{"line":6,"column":0},"end":{"line":6,"column":0}},"6":{"start":{"line":7,"column":0},"end":{"line":7,"column":44}},"7":{"start":{"line":8,"column":0},"end":{"line":8,"column":49}},"8":{"start":{"line":9,"column":0},"end":{"line":9,"column":45}},"9":{"start":{"line":10,"column":0},"end":{"line":10,"column":0}},"10":{"start":{"line":11,"column":0},"end":{"line":11,"column":0}},"11":{"start":{"line":12,"column":0},"end":{"line":12,"column":24}},"12":{"start":{"line":13,"column":0},"end":{"line":13,"column":22}},"13":{"start":{"line":14,"column":0},"end":{"line":14,"column":43}},"14":{"start":{"line":15,"column":0},"end":{"line":15,"column":0}},"15":{"start":{"line":16,"column":0},"end":{"line":16,"column":11}},"16":{"start":{"line":17,"column":0},"end":{"line":17,"column":4}},"17":{"start":{"line":18,"column":0},"end":{"line":18,"column":0}},"18":{"start":{"line":19,"column":0},"end":{"line":19,"column":41}},"19":{"start":{"line":20,"column":0},"end":{"line":20,"column":22}},"20":{"start":{"line":21,"column":0},"end":{"line":21,"column":58}},"21":{"start":{"line":22,"column":0},"end":{"line":22,"column":0}},"22":{"start":{"line":23,"column":0},"end":{"line":23,"column":11}},"23":{"start":{"line":24,"column":0},"end":{"line":24,"column":4}},"24":{"start":{"line":25,"column":0},"end":{"line":25,"column":0}},"25":{"start":{"line":26,"column":0},"end":{"line":26,"column":3}},"26":{"start":{"line":27,"column":0},"end":{"line":27,"column":10}},"27":{"start":{"line":28,"column":0},"end":{"line":28,"column":6}},"28":{"start":{"line":29,"column":0},"end":{"line":29,"column":26}},"29":{"start":{"line":30,"column":0},"end":{"line":30,"column":52}},"30":{"start":{"line":31,"column":0},"end":{"line":31,"column":10}},"31":{"start":{"line":32,"column":0},"end":{"line":32,"column":27}},"32":{"start":{"line":33,"column":0},"end":{"line":33,"column":8}},"33":{"start":{"line":34,"column":0},"end":{"line":34,"column":23}},"34":{"start":{"line":35,"column":0},"end":{"line":35,"column":16}},"35":{"start":{"line":36,"column":0},"end":{"line":36,"column":71}},"36":{"start":{"line":37,"column":0},"end":{"line":37,"column":13}},"37":{"start":{"line":38,"column":0},"end":{"line":38,"column":8}},"38":{"start":{"line":39,"column":0},"end":{"line":39,"column":11}},"39":{"start":{"line":40,"column":0},"end":{"line":40,"column":11}},"40":{"start":{"line":41,"column":0},"end":{"line":41,"column":0}},"41":{"start":{"line":42,"column":0},"end":{"line":42,"column":110}},"42":{"start":{"line":43,"column":0},"end":{"line":43,"column":4}},"43":{"start":{"line":44,"column":0},"end":{"line":44,"column":7}},"44":{"start":{"line":45,"column":0},"end":{"line":45,"column":3}},"45":{"start":{"line":46,"column":0},"end":{"line":46,"column":1}},"46":{"start":{"line":47,"column":0},"end":{"line":47,"column":0}},"47":{"start":{"line":48,"column":0},"end":{"line":48,"column":19}}},"s":{"0":1,"1":1,"2":1,"3":1,"4":1,"5":1,"6":11,"7":11,"8":11,"9":11,"10":11,"11":11,"12":1,"13":1,"14":1,"15":1,"16":1,"17":11,"18":11,"19":1,"20":1,"21":1,"22":1,"23":1,"24":11,"25":11,"26":11,"27":11,"28":11,"29":11,"30":11,"31":11,"32":8,"33":8,"34":11,"35":11,"36":11,"37":11,"38":11,"39":11,"40":11,"41":11,"42":11,"43":11,"44":11,"45":11,"46":1,"47":1},"branchMap":{"0":{"type":"branch","line":48,"loc":{"start":{"line":48,"column":0},"end":{"line":48,"column":15}},"locations":[{"start":{"line":48,"column":0},"end":{"line":48,"column":15}}]},"1":{"type":"branch","line":7,"loc":{"start":{"line":7,"column":0},"end":{"line":46,"column":1}},"locations":[{"start":{"line":7,"column":0},"end":{"line":46,"column":1}}]},"2":{"type":"branch","line":12,"loc":{"start":{"line":12,"column":3},"end":{"line":17,"column":4}},"locations":[{"start":{"line":12,"column":3},"end":{"line":17,"column":4}}]},"3":{"type":"branch","line":13,"loc":{"start":{"line":13,"column":15},"end":{"line":16,"column":7}},"locations":[{"start":{"line":13,"column":15},"end":{"line":16,"column":7}}]},"4":{"type":"branch","line":14,"loc":{"start":{"line":14,"column":14},"end":{"line":14,"column":43}},"locations":[{"start":{"line":14,"column":14},"end":{"line":14,"column":43}}]},"5":{"type":"branch","line":19,"loc":{"start":{"line":19,"column":3},"end":{"line":24,"column":4}},"locations":[{"start":{"line":19,"column":3},"end":{"line":24,"column":4}}]},"6":{"type":"branch","line":20,"loc":{"start":{"line":20,"column":15},"end":{"line":23,"column":7}},"locations":[{"start":{"line":20,"column":15},"end":{"line":23,"column":7}}]},"7":{"type":"branch","line":21,"loc":{"start":{"line":21,"column":14},"end":{"line":21,"column":58}},"locations":[{"start":{"line":21,"column":14},"end":{"line":21,"column":58}}]},"8":{"type":"branch","line":21,"loc":{"start":{"line":21,"column":36},"end":{"line":21,"column":58}},"locations":[{"start":{"line":21,"column":36},"end":{"line":21,"column":58}}]},"9":{"type":"branch","line":32,"loc":{"start":{"line":32,"column":18},"end":{"line":34,"column":23}},"locations":[{"start":{"line":32,"column":18},"end":{"line":34,"column":23}}]},"10":{"type":"branch","line":36,"loc":{"start":{"line":36,"column":27},"end":{"line":36,"column":55}},"locations":[{"start":{"line":36,"column":27},"end":{"line":36,"column":55}}]},"11":{"type":"branch","line":42,"loc":{"start":{"line":42,"column":63},"end":{"line":42,"column":96}},"locations":[{"start":{"line":42,"column":63},"end":{"line":42,"column":96}}]}},"b":{"0":[5],"1":[11],"2":[1],"3":[1],"4":[1],"5":[1],"6":[1],"7":[1],"8":[1],"9":[8],"10":[1],"11":[4]},"fnMap":{"0":{"name":"get","decl":{"start":{"line":48,"column":0},"end":{"line":48,"column":15}},"loc":{"start":{"line":48,"column":0},"end":{"line":48,"column":15}},"line":48},"1":{"name":"List","decl":{"start":{"line":7,"column":0},"end":{"line":46,"column":1}},"loc":{"start":{"line":7,"column":0},"end":{"line":46,"column":1}},"line":7},"2":{"name":"addToList","decl":{"start":{"line":12,"column":3},"end":{"line":17,"column":4}},"loc":{"start":{"line":12,"column":3},"end":{"line":17,"column":4}},"line":12},"3":{"name":"removeFromList","decl":{"start":{"line":19,"column":3},"end":{"line":24,"column":4}},"loc":{"start":{"line":19,"column":3},"end":{"line":24,"column":4}},"line":19},"4":{"name":"onClick","decl":{"start":{"line":36,"column":27},"end":{"line":36,"column":55}},"loc":{"start":{"line":36,"column":27},"end":{"line":36,"column":55}},"line":36},"5":{"name":"onChange","decl":{"start":{"line":42,"column":63},"end":{"line":42,"column":96}},"loc":{"start":{"line":42,"column":63},"end":{"line":42,"column":96}},"line":42}},"f":{"0":5,"1":11,"2":1,"3":1,"4":1,"5":4}}
}
