TN:
SF:src\components\List.tsx
FN:48,get
FN:7,List
FN:12,addToList
FN:19,removeFromList
FN:36,onClick
FN:42,onChange
FNF:6
FNH:6
FNDA:5,get
FNDA:11,List
FNDA:1,addToList
FNDA:1,removeFromList
FNDA:1,onClick
FNDA:4,onChange
DA:1,1
DA:2,1
DA:3,1
DA:4,1
DA:5,1
DA:6,1
DA:7,11
DA:8,11
DA:9,11
DA:10,11
DA:11,11
DA:12,11
DA:13,1
DA:14,1
DA:15,1
DA:16,1
DA:17,1
DA:18,11
DA:19,11
DA:20,1
DA:21,1
DA:22,1
DA:23,1
DA:24,1
DA:25,11
DA:26,11
DA:27,11
DA:28,11
DA:29,11
DA:30,11
DA:31,11
DA:32,11
DA:33,8
DA:34,8
DA:35,11
DA:36,11
DA:37,11
DA:38,11
DA:39,11
DA:40,11
DA:41,11
DA:42,11
DA:43,11
DA:44,11
DA:45,11
DA:46,11
DA:47,1
DA:48,1
LF:48
LH:48
BRDA:48,0,0,5
BRDA:7,1,0,11
BRDA:12,2,0,1
BRDA:13,3,0,1
BRDA:14,4,0,1
BRDA:19,5,0,1
BRDA:20,6,0,1
BRDA:21,7,0,1
BRDA:21,8,0,1
BRDA:32,9,0,8
BRDA:36,10,0,1
BRDA:42,11,0,4
BRF:12
BRH:12
end_of_record
